__main__ - INFO - Парсер новостей начал работу: 2023-02-21 15:25
__main__ - INFO - Количество найденных статей на lenta.ru: 20
__main__ - INFO - Запись 20 новостей в базу данных newsdb коллекция lenta завершено!
__main__ - INFO - Количество найденных статей на mail.ru: 23
__main__ - INFO - Запись 23 новостей в базу данных newsdb коллекция mail завершено!
__main__ - INFO - Количество найденных статей на dzen.ru: 65
__main__ - INFO - Запись 65 новостей в базу данных newsdb коллекция dzen завершено!
__main__ - INFO - Время обработки новостей: 5.0 минут!
__main__ - INFO - Парсер новостей закончил работу: 2023-02-21 15:30
__main__ - INFO - Парсер новостей начал работу: 2023-02-21 15:37
__main__ - INFO - Количество найденных статей на lenta.ru: 20
__main__ - INFO - Запись 7 новостей в базу данных newsdb коллекция lenta завершено!
__main__ - INFO - Количество найденных статей на mail.ru: 23
__main__ - INFO - Запись 2 новостей в базу данных newsdb коллекция mail завершено!
__main__ - INFO - Количество найденных статей на dzen.ru: 65
__main__ - INFO - Запись 65 новостей в базу данных newsdb коллекция dzen завершено!
__main__ - INFO - Время обработки новостей: 4.97 минут!
__main__ - INFO - Парсер новостей закончил работу: 2023-02-21 15:42
__main__ - INFO - Парсер новостей начал работу: 2023-02-21 16:11
__main__ - INFO - Количество найденных статей на lenta.ru: 20
__main__ - INFO - Запись 20 новостей в базу данных newsdb коллекция lenta завершено!
__main__ - INFO - Количество найденных статей на mail.ru: 23
__main__ - INFO - Запись 4 новостей в базу данных newsdb коллекция mail завершено!
__main__ - INFO - Количество найденных статей на dzen.ru: 65
__main__ - INFO - Запись 65 новостей в базу данных newsdb коллекция dzen завершено!
__main__ - INFO - Время обработки новостей: 5.0 минут!
__main__ - INFO - Парсер новостей закончил работу: 2023-02-21 16:16
